<?xml version="1.0" encoding="UTF-8"?>
<coverage generated="1650462328549" clover="3.2.0">
  <project timestamp="1650462328549" name="All files">
    <metrics statements="44" coveredstatements="33" conditionals="14" coveredconditionals="6" methods="8" coveredmethods="7" elements="66" coveredelements="46" complexity="0" loc="44" ncloc="44" packages="1" files="1" classes="1"/>
    <file name="UserValidator.ts" path="C:\Users\deepak.kumbhar\Desktop\Projects\crm_backend\src\validators\UserValidator.ts">
      <metrics statements="44" coveredstatements="33" conditionals="14" coveredconditionals="6" methods="8" coveredmethods="7"/>
      <line num="1" count="1" type="stmt"/>
      <line num="5" count="1" type="stmt"/>
      <line num="10" count="1" type="stmt"/>
      <line num="28" count="1" type="stmt"/>
      <line num="29" count="1" type="cond" truecount="1" falsecount="1"/>
      <line num="30" count="1" type="stmt"/>
      <line num="32" count="0" type="stmt"/>
      <line num="36" count="1" type="stmt"/>
      <line num="41" count="1" type="stmt"/>
      <line num="59" count="1" type="stmt"/>
      <line num="60" count="1" type="cond" truecount="1" falsecount="1"/>
      <line num="61" count="0" type="stmt"/>
      <line num="63" count="1" type="stmt"/>
      <line num="67" count="1" type="stmt"/>
      <line num="72" count="1" type="stmt"/>
      <line num="81" count="1" type="stmt"/>
      <line num="82" count="1" type="cond" truecount="1" falsecount="1"/>
      <line num="83" count="1" type="stmt"/>
      <line num="85" count="0" type="stmt"/>
      <line num="89" count="1" type="stmt"/>
      <line num="94" count="1" type="stmt"/>
      <line num="97" count="1" type="stmt"/>
      <line num="98" count="1" type="cond" truecount="1" falsecount="1"/>
      <line num="99" count="1" type="stmt"/>
      <line num="101" count="0" type="stmt"/>
      <line num="105" count="1" type="stmt"/>
      <line num="110" count="0" type="stmt"/>
      <line num="113" count="0" type="stmt"/>
      <line num="114" count="0" type="cond" truecount="0" falsecount="2"/>
      <line num="115" count="0" type="stmt"/>
      <line num="117" count="0" type="stmt"/>
      <line num="121" count="1" type="stmt"/>
      <line num="126" count="1" type="stmt"/>
      <line num="129" count="1" type="stmt"/>
      <line num="130" count="1" type="cond" truecount="1" falsecount="1"/>
      <line num="131" count="0" type="stmt"/>
      <line num="133" count="1" type="stmt"/>
      <line num="137" count="1" type="stmt"/>
      <line num="142" count="1" type="stmt"/>
      <line num="145" count="1" type="stmt"/>
      <line num="146" count="1" type="cond" truecount="1" falsecount="1"/>
      <line num="147" count="0" type="stmt"/>
      <line num="149" count="1" type="stmt"/>
      <line num="154" count="1" type="stmt"/>
    </file>
  </project>
</coverage>
