{"C:\\Users\\deepak.kumbhar\\Desktop\\Projects\\crm_backend\\src\\entity\\Department.ts": {"path":"C:\\Users\\deepak.kumbhar\\Desktop\\Projects\\crm_backend\\src\\entity\\Department.ts","statementMap":{"0":{"start":{"line":1,"column":0},"end":{"line":1,"column":65}},"1":{"start":{"line":4,"column":0},"end":{"line":9,"column":null}},"2":{"start":{"line":6,"column":2},"end":{"line":6,"column":null}},"3":{"start":{"line":8,"column":2},"end":{"line":8,"column":null}},"4":{"start":{"line":4,"column":13},"end":{"line":9,"column":null}},"5":{"start":{"line":4,"column":13},"end":{"line":4,"column":23}}},"fnMap":{},"branchMap":{},"s":{"0":1,"1":1,"2":1,"3":1,"4":1,"5":1},"f":{},"b":{}}
,"C:\\Users\\deepak.kumbhar\\Desktop\\Projects\\crm_backend\\src\\entity\\Employee.ts": {"path":"C:\\Users\\deepak.kumbhar\\Desktop\\Projects\\crm_backend\\src\\entity\\Employee.ts","statementMap":{"0":{"start":{"line":1,"column":0},"end":{"line":1,"column":null}},"1":{"start":{"line":10,"column":0},"end":{"line":49,"column":null}},"2":{"start":{"line":12,"column":2},"end":{"line":12,"column":null}},"3":{"start":{"line":14,"column":2},"end":{"line":14,"column":null}},"4":{"start":{"line":16,"column":2},"end":{"line":16,"column":null}},"5":{"start":{"line":18,"column":2},"end":{"line":18,"column":null}},"6":{"start":{"line":20,"column":2},"end":{"line":20,"column":null}},"7":{"start":{"line":22,"column":2},"end":{"line":22,"column":null}},"8":{"start":{"line":24,"column":2},"end":{"line":24,"column":null}},"9":{"start":{"line":26,"column":2},"end":{"line":26,"column":null}},"10":{"start":{"line":28,"column":2},"end":{"line":28,"column":null}},"11":{"start":{"line":30,"column":2},"end":{"line":30,"column":null}},"12":{"start":{"line":32,"column":2},"end":{"line":32,"column":null}},"13":{"start":{"line":34,"column":2},"end":{"line":34,"column":null}},"14":{"start":{"line":36,"column":2},"end":{"line":36,"column":null}},"15":{"start":{"line":41,"column":2},"end":{"line":41,"column":null}},"16":{"start":{"line":39,"column":19},"end":{"line":39,"column":41}},"17":{"start":{"line":48,"column":2},"end":{"line":48,"column":null}},"18":{"start":{"line":45,"column":19},"end":{"line":45,"column":41}},"19":{"start":{"line":10,"column":13},"end":{"line":49,"column":null}},"20":{"start":{"line":10,"column":13},"end":{"line":10,"column":28}}},"fnMap":{"0":{"name":"(anonymous_1)","decl":{"start":{"line":39,"column":13},"end":{"line":39,"column":16}},"loc":{"start":{"line":39,"column":19},"end":{"line":39,"column":41}}},"1":{"name":"(anonymous_2)","decl":{"start":{"line":45,"column":13},"end":{"line":45,"column":16}},"loc":{"start":{"line":45,"column":19},"end":{"line":45,"column":41}}}},"branchMap":{},"s":{"0":1,"1":1,"2":1,"3":1,"4":1,"5":1,"6":1,"7":1,"8":1,"9":1,"10":1,"11":1,"12":1,"13":1,"14":1,"15":1,"16":1,"17":1,"18":1,"19":1,"20":1},"f":{"0":1,"1":1},"b":{}}
,"C:\\Users\\deepak.kumbhar\\Desktop\\Projects\\crm_backend\\src\\entity\\Role.ts": {"path":"C:\\Users\\deepak.kumbhar\\Desktop\\Projects\\crm_backend\\src\\entity\\Role.ts","statementMap":{"0":{"start":{"line":1,"column":0},"end":{"line":1,"column":65}},"1":{"start":{"line":4,"column":0},"end":{"line":9,"column":null}},"2":{"start":{"line":6,"column":2},"end":{"line":6,"column":null}},"3":{"start":{"line":8,"column":2},"end":{"line":8,"column":null}},"4":{"start":{"line":4,"column":13},"end":{"line":9,"column":null}},"5":{"start":{"line":4,"column":13},"end":{"line":4,"column":17}}},"fnMap":{},"branchMap":{},"s":{"0":1,"1":1,"2":1,"3":1,"4":1,"5":1},"f":{},"b":{}}
,"C:\\Users\\deepak.kumbhar\\Desktop\\Projects\\crm_backend\\src\\models\\Response.model.ts": {"path":"C:\\Users\\deepak.kumbhar\\Desktop\\Projects\\crm_backend\\src\\models\\Response.model.ts","statementMap":{"0":{"start":{"line":11,"column":0},"end":{"line":11,"column":24}}},"fnMap":{},"branchMap":{},"s":{"0":1},"f":{},"b":{}}
,"C:\\Users\\deepak.kumbhar\\Desktop\\Projects\\crm_backend\\src\\repository\\RoleRepository.ts": {"path":"C:\\Users\\deepak.kumbhar\\Desktop\\Projects\\crm_backend\\src\\repository\\RoleRepository.ts","statementMap":{"0":{"start":{"line":1,"column":0},"end":{"line":1,"column":43}},"1":{"start":{"line":2,"column":0},"end":{"line":2,"column":38}},"2":{"start":{"line":6,"column":9},"end":{"line":24,"column":4}},"3":{"start":{"line":6,"column":45},"end":{"line":24,"column":4}},"4":{"start":{"line":7,"column":4},"end":{"line":23,"column":null}},"5":{"start":{"line":8,"column":19},"end":{"line":18,"column":8}},"6":{"start":{"line":8,"column":70},"end":{"line":18,"column":8}},"7":{"start":{"line":9,"column":19},"end":{"line":9,"column":49}},"8":{"start":{"line":11,"column":8},"end":{"line":11,"column":32}},"9":{"start":{"line":13,"column":19},"end":{"line":13,"column":36}},"10":{"start":{"line":15,"column":8},"end":{"line":15,"column":33}},"11":{"start":{"line":17,"column":8},"end":{"line":17,"column":20}},"12":{"start":{"line":20,"column":6},"end":{"line":20,"column":39}},"13":{"start":{"line":22,"column":6},"end":{"line":22,"column":19}},"14":{"start":{"line":42,"column":9},"end":{"line":56,"column":4}},"15":{"start":{"line":42,"column":35},"end":{"line":56,"column":4}},"16":{"start":{"line":43,"column":4},"end":{"line":55,"column":null}},"17":{"start":{"line":44,"column":6},"end":{"line":52,"column":9}},"18":{"start":{"line":44,"column":64},"end":{"line":52,"column":8}},"19":{"start":{"line":45,"column":19},"end":{"line":45,"column":49}},"20":{"start":{"line":47,"column":19},"end":{"line":47,"column":44}},"21":{"start":{"line":49,"column":8},"end":{"line":49,"column":33}},"22":{"start":{"line":51,"column":8},"end":{"line":51,"column":20}},"23":{"start":{"line":54,"column":6},"end":{"line":54,"column":19}},"24":{"start":{"line":58,"column":9},"end":{"line":79,"column":4}},"25":{"start":{"line":58,"column":39},"end":{"line":79,"column":4}},"26":{"start":{"line":59,"column":4},"end":{"line":78,"column":null}},"27":{"start":{"line":60,"column":6},"end":{"line":75,"column":9}},"28":{"start":{"line":60,"column":64},"end":{"line":75,"column":8}},"29":{"start":{"line":61,"column":19},"end":{"line":61,"column":49}},"30":{"start":{"line":63,"column":23},"end":{"line":63,"column":50}},"31":{"start":{"line":65,"column":8},"end":{"line":74,"column":null}},"32":{"start":{"line":66,"column":10},"end":{"line":66,"column":41}},"33":{"start":{"line":68,"column":20},"end":{"line":68,"column":50}},"34":{"start":{"line":70,"column":10},"end":{"line":70,"column":35}},"35":{"start":{"line":72,"column":10},"end":{"line":73,"column":27}},"36":{"start":{"line":72,"column":19},"end":{"line":72,"column":32}},"37":{"start":{"line":73,"column":15},"end":{"line":73,"column":27}},"38":{"start":{"line":77,"column":6},"end":{"line":77,"column":19}},"39":{"start":{"line":81,"column":9},"end":{"line":97,"column":4}},"40":{"start":{"line":81,"column":60},"end":{"line":97,"column":4}},"41":{"start":{"line":82,"column":4},"end":{"line":96,"column":null}},"42":{"start":{"line":83,"column":6},"end":{"line":93,"column":9}},"43":{"start":{"line":83,"column":64},"end":{"line":93,"column":8}},"44":{"start":{"line":84,"column":19},"end":{"line":84,"column":49}},"45":{"start":{"line":86,"column":8},"end":{"line":86,"column":46}},"46":{"start":{"line":88,"column":19},"end":{"line":88,"column":49}},"47":{"start":{"line":90,"column":8},"end":{"line":90,"column":33}},"48":{"start":{"line":92,"column":8},"end":{"line":92,"column":20}},"49":{"start":{"line":95,"column":6},"end":{"line":95,"column":19}},"50":{"start":{"line":27,"column":4},"end":{"line":39,"column":null}},"51":{"start":{"line":28,"column":6},"end":{"line":36,"column":9}},"52":{"start":{"line":28,"column":64},"end":{"line":36,"column":8}},"53":{"start":{"line":29,"column":19},"end":{"line":29,"column":49}},"54":{"start":{"line":31,"column":19},"end":{"line":31,"column":36}},"55":{"start":{"line":33,"column":8},"end":{"line":33,"column":33}},"56":{"start":{"line":35,"column":8},"end":{"line":35,"column":20}},"57":{"start":{"line":38,"column":6},"end":{"line":38,"column":19}},"58":{"start":{"line":5,"column":0},"end":{"line":5,"column":21}}},"fnMap":{"0":{"name":"(anonymous_7)","decl":{"start":{"line":5,"column":0},"end":{"line":5,"column":21}},"loc":{"start":{"line":5,"column":0},"end":{"line":98,"column":1}}},"1":{"name":"(anonymous_8)","decl":{"start":{"line":6,"column":15},"end":{"line":6,"column":22}},"loc":{"start":{"line":6,"column":45},"end":{"line":24,"column":4}}},"2":{"name":"(anonymous_9)","decl":{"start":{"line":6,"column":45},"end":{"line":6,"column":null}},"loc":{"start":{"line":6,"column":45},"end":{"line":24,"column":3}}},"3":{"name":"(anonymous_10)","decl":{"start":{"line":8,"column":49},"end":{"line":8,"column":56}},"loc":{"start":{"line":8,"column":70},"end":{"line":18,"column":8}}},"4":{"name":"(anonymous_11)","decl":{"start":{"line":8,"column":70},"end":{"line":8,"column":null}},"loc":{"start":{"line":8,"column":70},"end":{"line":18,"column":7}}},"5":{"name":"(anonymous_12)","decl":{"start":{"line":42,"column":15},"end":{"line":42,"column":22}},"loc":{"start":{"line":42,"column":35},"end":{"line":56,"column":4}}},"6":{"name":"(anonymous_13)","decl":{"start":{"line":42,"column":35},"end":{"line":42,"column":null}},"loc":{"start":{"line":42,"column":35},"end":{"line":56,"column":3}}},"7":{"name":"(anonymous_14)","decl":{"start":{"line":44,"column":43},"end":{"line":44,"column":50}},"loc":{"start":{"line":44,"column":64},"end":{"line":52,"column":8}}},"8":{"name":"(anonymous_15)","decl":{"start":{"line":44,"column":64},"end":{"line":44,"column":null}},"loc":{"start":{"line":44,"column":64},"end":{"line":52,"column":7}}},"9":{"name":"(anonymous_16)","decl":{"start":{"line":58,"column":18},"end":{"line":58,"column":25}},"loc":{"start":{"line":58,"column":39},"end":{"line":79,"column":4}}},"10":{"name":"(anonymous_17)","decl":{"start":{"line":58,"column":39},"end":{"line":58,"column":null}},"loc":{"start":{"line":58,"column":39},"end":{"line":79,"column":3}}},"11":{"name":"(anonymous_18)","decl":{"start":{"line":60,"column":43},"end":{"line":60,"column":50}},"loc":{"start":{"line":60,"column":64},"end":{"line":75,"column":8}}},"12":{"name":"(anonymous_19)","decl":{"start":{"line":60,"column":64},"end":{"line":60,"column":null}},"loc":{"start":{"line":60,"column":64},"end":{"line":75,"column":7}}},"13":{"name":"(anonymous_20)","decl":{"start":{"line":81,"column":18},"end":{"line":81,"column":25}},"loc":{"start":{"line":81,"column":60},"end":{"line":97,"column":4}}},"14":{"name":"(anonymous_21)","decl":{"start":{"line":81,"column":60},"end":{"line":81,"column":null}},"loc":{"start":{"line":81,"column":60},"end":{"line":97,"column":3}}},"15":{"name":"(anonymous_22)","decl":{"start":{"line":83,"column":43},"end":{"line":83,"column":50}},"loc":{"start":{"line":83,"column":64},"end":{"line":93,"column":8}}},"16":{"name":"(anonymous_23)","decl":{"start":{"line":83,"column":64},"end":{"line":83,"column":null}},"loc":{"start":{"line":83,"column":64},"end":{"line":93,"column":7}}},"17":{"name":"(anonymous_24)","decl":{"start":{"line":26,"column":15},"end":{"line":26,"column":21}},"loc":{"start":{"line":26,"column":21},"end":{"line":40,"column":null}}},"18":{"name":"(anonymous_26)","decl":{"start":{"line":28,"column":43},"end":{"line":28,"column":50}},"loc":{"start":{"line":28,"column":64},"end":{"line":36,"column":8}}},"19":{"name":"(anonymous_27)","decl":{"start":{"line":28,"column":64},"end":{"line":28,"column":null}},"loc":{"start":{"line":28,"column":64},"end":{"line":36,"column":7}}}},"branchMap":{"0":{"loc":{"start":{"line":65,"column":8},"end":{"line":74,"column":null}},"type":"if","locations":[{"start":{"line":65,"column":8},"end":{"line":74,"column":null}}]},"1":{"loc":{"start":{"line":72,"column":10},"end":{"line":73,"column":27}},"type":"if","locations":[{"start":{"line":72,"column":10},"end":{"line":73,"column":27}},{"start":{"line":73,"column":15},"end":{"line":73,"column":27}}]}},"s":{"0":1,"1":1,"2":1,"3":0,"4":0,"5":0,"6":0,"7":0,"8":0,"9":0,"10":0,"11":0,"12":0,"13":0,"14":1,"15":1,"16":1,"17":1,"18":1,"19":1,"20":1,"21":1,"22":1,"23":0,"24":1,"25":0,"26":0,"27":0,"28":0,"29":0,"30":0,"31":0,"32":0,"33":0,"34":0,"35":0,"36":0,"37":0,"38":0,"39":1,"40":0,"41":0,"42":0,"43":0,"44":0,"45":0,"46":0,"47":0,"48":0,"49":0,"50":0,"51":0,"52":0,"53":0,"54":0,"55":0,"56":0,"57":0,"58":1},"f":{"0":1,"1":0,"2":0,"3":0,"4":0,"5":1,"6":1,"7":1,"8":1,"9":0,"10":0,"11":0,"12":0,"13":0,"14":0,"15":0,"16":0,"17":0,"18":0,"19":0},"b":{"0":[0],"1":[0,0]}}
,"C:\\Users\\deepak.kumbhar\\Desktop\\Projects\\crm_backend\\src\\services\\RoleService.ts": {"path":"C:\\Users\\deepak.kumbhar\\Desktop\\Projects\\crm_backend\\src\\services\\RoleService.ts","statementMap":{"0":{"start":{"line":1,"column":0},"end":{"line":1,"column":26}},"1":{"start":{"line":2,"column":0},"end":{"line":2,"column":38}},"2":{"start":{"line":4,"column":0},"end":{"line":4,"column":58}},"3":{"start":{"line":5,"column":0},"end":{"line":5,"column":48}},"4":{"start":{"line":16,"column":9},"end":{"line":44,"column":4}},"5":{"start":{"line":16,"column":63},"end":{"line":44,"column":4}},"6":{"start":{"line":17,"column":19},"end":{"line":17,"column":33}},"7":{"start":{"line":19,"column":38},"end":{"line":19,"column":65}},"8":{"start":{"line":21,"column":17},"end":{"line":21,"column":53}},"9":{"start":{"line":23,"column":4},"end":{"line":41,"column":null}},"10":{"start":{"line":24,"column":6},"end":{"line":28,"column":8}},"11":{"start":{"line":30,"column":19},"end":{"line":30,"column":29}},"12":{"start":{"line":32,"column":6},"end":{"line":32,"column":36}},"13":{"start":{"line":34,"column":20},"end":{"line":34,"column":55}},"14":{"start":{"line":36,"column":6},"end":{"line":40,"column":8}},"15":{"start":{"line":43,"column":4},"end":{"line":43,"column":20}},"16":{"start":{"line":49,"column":9},"end":{"line":71,"column":4}},"17":{"start":{"line":49,"column":52},"end":{"line":71,"column":4}},"18":{"start":{"line":50,"column":19},"end":{"line":50,"column":33}},"19":{"start":{"line":52,"column":17},"end":{"line":52,"column":51}},"20":{"start":{"line":54,"column":4},"end":{"line":70,"column":null}},"21":{"start":{"line":55,"column":6},"end":{"line":59,"column":8}},"22":{"start":{"line":61,"column":6},"end":{"line":61,"column":22}},"23":{"start":{"line":63,"column":6},"end":{"line":67,"column":8}},"24":{"start":{"line":69,"column":6},"end":{"line":69,"column":22}},"25":{"start":{"line":76,"column":9},"end":{"line":100,"column":4}},"26":{"start":{"line":76,"column":59},"end":{"line":100,"column":4}},"27":{"start":{"line":77,"column":19},"end":{"line":77,"column":33}},"28":{"start":{"line":79,"column":16},"end":{"line":79,"column":26}},"29":{"start":{"line":81,"column":17},"end":{"line":81,"column":53}},"30":{"start":{"line":83,"column":4},"end":{"line":99,"column":null}},"31":{"start":{"line":84,"column":6},"end":{"line":88,"column":8}},"32":{"start":{"line":90,"column":6},"end":{"line":90,"column":22}},"33":{"start":{"line":92,"column":6},"end":{"line":96,"column":8}},"34":{"start":{"line":98,"column":6},"end":{"line":98,"column":22}},"35":{"start":{"line":105,"column":9},"end":{"line":134,"column":4}},"36":{"start":{"line":105,"column":59},"end":{"line":134,"column":4}},"37":{"start":{"line":106,"column":19},"end":{"line":106,"column":33}},"38":{"start":{"line":108,"column":15},"end":{"line":108,"column":29}},"39":{"start":{"line":110,"column":16},"end":{"line":110,"column":26}},"40":{"start":{"line":112,"column":19},"end":{"line":112,"column":55}},"41":{"start":{"line":113,"column":4},"end":{"line":133,"column":null}},"42":{"start":{"line":114,"column":19},"end":{"line":114,"column":64}},"43":{"start":{"line":116,"column":6},"end":{"line":124,"column":null}},"44":{"start":{"line":117,"column":8},"end":{"line":121,"column":10}},"45":{"start":{"line":123,"column":8},"end":{"line":123,"column":24}},"46":{"start":{"line":126,"column":6},"end":{"line":130,"column":8}},"47":{"start":{"line":132,"column":6},"end":{"line":132,"column":22}},"48":{"start":{"line":139,"column":9},"end":{"line":165,"column":4}},"49":{"start":{"line":139,"column":43},"end":{"line":165,"column":4}},"50":{"start":{"line":140,"column":19},"end":{"line":140,"column":33}},"51":{"start":{"line":141,"column":16},"end":{"line":141,"column":26}},"52":{"start":{"line":143,"column":19},"end":{"line":143,"column":55}},"53":{"start":{"line":144,"column":4},"end":{"line":164,"column":null}},"54":{"start":{"line":145,"column":19},"end":{"line":145,"column":55}},"55":{"start":{"line":147,"column":6},"end":{"line":155,"column":null}},"56":{"start":{"line":148,"column":8},"end":{"line":152,"column":10}},"57":{"start":{"line":154,"column":8},"end":{"line":154,"column":24}},"58":{"start":{"line":157,"column":6},"end":{"line":161,"column":8}},"59":{"start":{"line":163,"column":6},"end":{"line":163,"column":22}},"60":{"start":{"line":11,"column":4},"end":{"line":13,"column":29}},"61":{"start":{"line":168,"column":0},"end":{"line":168,"column":27}}},"fnMap":{"0":{"name":"(anonymous_8)","decl":{"start":{"line":10,"column":2},"end":{"line":10,"column":14}},"loc":{"start":{"line":10,"column":45},"end":{"line":14,"column":3}}},"1":{"name":"(anonymous_9)","decl":{"start":{"line":16,"column":19},"end":{"line":16,"column":26}},"loc":{"start":{"line":16,"column":63},"end":{"line":44,"column":4}}},"2":{"name":"(anonymous_10)","decl":{"start":{"line":16,"column":63},"end":{"line":16,"column":null}},"loc":{"start":{"line":16,"column":63},"end":{"line":44,"column":3}}},"3":{"name":"(anonymous_11)","decl":{"start":{"line":49,"column":22},"end":{"line":49,"column":50}},"loc":{"start":{"line":49,"column":52},"end":{"line":71,"column":4}}},"4":{"name":"(anonymous_12)","decl":{"start":{"line":49,"column":52},"end":{"line":49,"column":null}},"loc":{"start":{"line":49,"column":52},"end":{"line":71,"column":3}}},"5":{"name":"(anonymous_13)","decl":{"start":{"line":76,"column":19},"end":{"line":76,"column":26}},"loc":{"start":{"line":76,"column":59},"end":{"line":100,"column":4}}},"6":{"name":"(anonymous_14)","decl":{"start":{"line":76,"column":59},"end":{"line":76,"column":null}},"loc":{"start":{"line":76,"column":59},"end":{"line":100,"column":3}}},"7":{"name":"(anonymous_15)","decl":{"start":{"line":105,"column":22},"end":{"line":105,"column":29}},"loc":{"start":{"line":105,"column":59},"end":{"line":134,"column":4}}},"8":{"name":"(anonymous_16)","decl":{"start":{"line":105,"column":59},"end":{"line":105,"column":null}},"loc":{"start":{"line":105,"column":59},"end":{"line":134,"column":3}}},"9":{"name":"(anonymous_17)","decl":{"start":{"line":139,"column":22},"end":{"line":139,"column":29}},"loc":{"start":{"line":139,"column":43},"end":{"line":165,"column":4}}},"10":{"name":"(anonymous_18)","decl":{"start":{"line":139,"column":43},"end":{"line":139,"column":null}},"loc":{"start":{"line":139,"column":43},"end":{"line":165,"column":3}}}},"branchMap":{"0":{"loc":{"start":{"line":23,"column":4},"end":{"line":41,"column":null}},"type":"if","locations":[{"start":{"line":23,"column":4},"end":{"line":41,"column":null}},{"start":{"line":29,"column":11},"end":{"line":41,"column":null}}]},"1":{"loc":{"start":{"line":54,"column":4},"end":{"line":70,"column":null}},"type":"if","locations":[{"start":{"line":54,"column":4},"end":{"line":70,"column":null}},{"start":{"line":62,"column":11},"end":{"line":70,"column":null}}]},"2":{"loc":{"start":{"line":83,"column":4},"end":{"line":99,"column":null}},"type":"if","locations":[{"start":{"line":83,"column":4},"end":{"line":99,"column":null}},{"start":{"line":91,"column":11},"end":{"line":99,"column":null}}]},"3":{"loc":{"start":{"line":113,"column":4},"end":{"line":133,"column":null}},"type":"if","locations":[{"start":{"line":113,"column":4},"end":{"line":133,"column":null}},{"start":{"line":125,"column":11},"end":{"line":133,"column":null}}]},"4":{"loc":{"start":{"line":116,"column":6},"end":{"line":124,"column":null}},"type":"if","locations":[{"start":{"line":116,"column":6},"end":{"line":124,"column":null}}]},"5":{"loc":{"start":{"line":144,"column":4},"end":{"line":164,"column":null}},"type":"if","locations":[{"start":{"line":144,"column":4},"end":{"line":164,"column":null}},{"start":{"line":156,"column":11},"end":{"line":164,"column":null}}]},"6":{"loc":{"start":{"line":147,"column":6},"end":{"line":155,"column":null}},"type":"if","locations":[{"start":{"line":147,"column":6},"end":{"line":155,"column":null}}]},"7":{"loc":{"start":{"line":11,"column":26},"end":{"line":13,"column":28}},"type":"cond-expr","locations":[{"start":{"line":12,"column":8},"end":{"line":12,"column":22}},{"start":{"line":13,"column":8},"end":{"line":13,"column":28}}]}},"s":{"0":1,"1":1,"2":1,"3":1,"4":1,"5":1,"6":1,"7":1,"8":1,"9":1,"10":0,"11":1,"12":1,"13":1,"14":1,"15":1,"16":1,"17":1,"18":1,"19":1,"20":1,"21":0,"22":0,"23":0,"24":0,"25":1,"26":2,"27":2,"28":2,"29":2,"30":2,"31":0,"32":0,"33":2,"34":2,"35":1,"36":0,"37":0,"38":0,"39":0,"40":0,"41":0,"42":0,"43":0,"44":0,"45":0,"46":0,"47":0,"48":1,"49":2,"50":2,"51":2,"52":2,"53":2,"54":0,"55":0,"56":0,"57":0,"58":2,"59":2,"60":1,"61":1},"f":{"0":1,"1":1,"2":1,"3":1,"4":1,"5":2,"6":2,"7":0,"8":0,"9":2,"10":2},"b":{"0":[0,1],"1":[0,0],"2":[0,2],"3":[0,0],"4":[0],"5":[0,2],"6":[0],"7":[1,0]}}
}
