TN:
SF:src\entity\department.ts
FNF:0
FNH:0
DA:1,1
DA:4,1
DA:6,1
DA:8,1
LF:4
LH:4
BRF:0
BRH:0
end_of_record
TN:
SF:src\entity\employee.ts
FN:39,(anonymous_1)
FN:45,(anonymous_2)
FNF:2
FNH:2
FNDA:1,(anonymous_1)
FNDA:1,(anonymous_2)
DA:1,1
DA:10,1
DA:12,1
DA:14,1
DA:16,1
DA:18,1
DA:20,1
DA:22,1
DA:24,1
DA:26,1
DA:28,1
DA:30,1
DA:32,1
DA:34,1
DA:36,1
DA:39,1
DA:41,1
DA:45,1
DA:48,1
LF:19
LH:19
BRF:0
BRH:0
end_of_record
TN:
SF:src\entity\role.ts
FNF:0
FNH:0
DA:1,1
DA:4,1
DA:6,1
DA:8,1
LF:4
LH:4
BRF:0
BRH:0
end_of_record
TN:
SF:src\repository\repository.ts
FN:10,(anonymous_7)
FN:17,(anonymous_8)
FN:17,(anonymous_9)
FN:19,(anonymous_10)
FN:19,(anonymous_11)
FN:48,(anonymous_12)
FN:48,(anonymous_13)
FN:50,(anonymous_14)
FN:50,(anonymous_15)
FN:76,(anonymous_16)
FN:76,(anonymous_17)
FN:78,(anonymous_18)
FN:78,(anonymous_19)
FN:102,(anonymous_20)
FN:102,(anonymous_21)
FN:104,(anonymous_22)
FN:104,(anonymous_23)
FN:139,(anonymous_24)
FN:139,(anonymous_25)
FN:141,(anonymous_26)
FN:141,(anonymous_27)
FNF:21
FNH:5
FNDA:1,(anonymous_7)
FNDA:0,(anonymous_8)
FNDA:0,(anonymous_9)
FNDA:0,(anonymous_10)
FNDA:0,(anonymous_11)
FNDA:0,(anonymous_12)
FNDA:0,(anonymous_13)
FNDA:0,(anonymous_14)
FNDA:0,(anonymous_15)
FNDA:0,(anonymous_16)
FNDA:0,(anonymous_17)
FNDA:0,(anonymous_18)
FNDA:0,(anonymous_19)
FNDA:0,(anonymous_20)
FNDA:0,(anonymous_21)
FNDA:0,(anonymous_22)
FNDA:0,(anonymous_23)
FNDA:1,(anonymous_24)
FNDA:1,(anonymous_25)
FNDA:1,(anonymous_26)
FNDA:1,(anonymous_27)
DA:1,1
DA:17,1
DA:18,0
DA:19,0
DA:21,0
DA:24,0
DA:27,0
DA:30,0
DA:33,0
DA:36,0
DA:38,0
DA:48,1
DA:49,0
DA:50,0
DA:52,0
DA:55,0
DA:58,0
DA:61,0
DA:64,0
DA:66,0
DA:76,1
DA:77,0
DA:78,0
DA:80,0
DA:83,0
DA:86,0
DA:89,0
DA:92,0
DA:102,1
DA:103,0
DA:104,0
DA:106,0
DA:109,0
DA:111,0
DA:112,0
DA:114,0
DA:116,0
DA:118,0
DA:119,0
DA:121,0
DA:123,0
DA:127,0
DA:129,0
DA:139,1
DA:140,1
DA:141,1
DA:143,1
DA:146,1
DA:148,1
DA:150,0
DA:153,0
DA:155,0
DA:157,0
DA:159,1
DA:161,1
DA:165,1
DA:167,0
DA:172,1
LF:58
LH:15
BRDA:111,0,0,0
BRDA:111,0,1,0
BRDA:118,1,0,0
BRDA:118,1,1,0
BRDA:148,2,0,0
BRDA:148,2,1,1
BRF:6
BRH:1
end_of_record
