TN:
SF:src\entity\department.ts
FNF:0
FNH:0
DA:1,1
DA:4,1
DA:6,1
DA:8,1
LF:4
LH:4
BRF:0
BRH:0
end_of_record
TN:
SF:src\entity\employee.ts
FN:39,(anonymous_1)
FN:45,(anonymous_2)
FNF:2
FNH:2
FNDA:1,(anonymous_1)
FNDA:1,(anonymous_2)
DA:1,1
DA:10,1
DA:12,1
DA:14,1
DA:16,1
DA:18,1
DA:20,1
DA:22,1
DA:24,1
DA:26,1
DA:28,1
DA:30,1
DA:32,1
DA:34,1
DA:36,1
DA:39,1
DA:41,1
DA:45,1
DA:48,1
LF:19
LH:19
BRF:0
BRH:0
end_of_record
TN:
SF:src\entity\role.ts
FNF:0
FNH:0
DA:1,1
DA:4,1
DA:6,1
DA:8,1
LF:4
LH:4
BRF:0
BRH:0
end_of_record
TN:
SF:src\repository\repository.ts
FN:3,(anonymous_7)
FN:4,(anonymous_8)
FN:4,(anonymous_9)
FN:6,(anonymous_10)
FN:6,(anonymous_11)
FN:24,(anonymous_12)
FN:24,(anonymous_13)
FN:26,(anonymous_14)
FN:26,(anonymous_15)
FN:40,(anonymous_16)
FN:40,(anonymous_17)
FN:42,(anonymous_18)
FN:42,(anonymous_19)
FN:56,(anonymous_20)
FN:56,(anonymous_21)
FN:58,(anonymous_22)
FN:58,(anonymous_23)
FN:83,(anonymous_24)
FN:83,(anonymous_25)
FN:85,(anonymous_26)
FN:85,(anonymous_27)
FNF:21
FNH:5
FNDA:1,(anonymous_7)
FNDA:1,(anonymous_8)
FNDA:1,(anonymous_9)
FNDA:1,(anonymous_10)
FNDA:1,(anonymous_11)
FNDA:0,(anonymous_12)
FNDA:0,(anonymous_13)
FNDA:0,(anonymous_14)
FNDA:0,(anonymous_15)
FNDA:0,(anonymous_16)
FNDA:0,(anonymous_17)
FNDA:0,(anonymous_18)
FNDA:0,(anonymous_19)
FNDA:0,(anonymous_20)
FNDA:0,(anonymous_21)
FNDA:0,(anonymous_22)
FNDA:0,(anonymous_23)
FNDA:0,(anonymous_24)
FNDA:0,(anonymous_25)
FNDA:0,(anonymous_26)
FNDA:0,(anonymous_27)
DA:1,1
DA:4,1
DA:5,1
DA:6,1
DA:7,1
DA:9,1
DA:11,0
DA:13,0
DA:15,0
DA:18,0
DA:20,1
DA:24,1
DA:25,0
DA:26,0
DA:27,0
DA:29,0
DA:31,0
DA:33,0
DA:36,0
DA:40,1
DA:41,0
DA:42,0
DA:43,0
DA:45,0
DA:47,0
DA:49,0
DA:52,0
DA:56,1
DA:57,0
DA:58,0
DA:59,0
DA:61,0
DA:63,0
DA:64,0
DA:66,0
DA:68,0
DA:70,0
DA:71,0
DA:73,0
DA:75,0
DA:79,0
DA:83,1
DA:84,0
DA:85,0
DA:86,0
DA:88,0
DA:90,0
DA:91,0
DA:93,0
DA:95,0
DA:97,0
DA:99,0
DA:101,0
DA:105,0
DA:110,1
LF:55
LH:12
BRDA:63,0,0,0
BRDA:63,0,1,0
BRDA:70,1,0,0
BRDA:70,1,1,0
BRDA:90,2,0,0
BRDA:90,2,1,0
BRF:6
BRH:0
end_of_record
